<?xml version="1.0" encoding="UTF-8"?>
<!-- Generated by org.testng.reporters.JUnitXMLReporter -->
<testsuite ignored="0" hostname="DESKTOP-BKASB7R" failures="2" tests="8" name="Test Cases" time="0.17" errors="0" timestamp="2022-10-18T16:56:07 IST">
  <testcase classname="seleniumInterview.TestCases" name="testcase1" time="0.017">
    <skipped/>
  </testcase> <!-- testcase1 -->
  <testcase classname="seleniumInterview.TestCases" name="testcase1" time="0.004">
    <skipped/>
  </testcase> <!-- testcase1 -->
  <testcase classname="seleniumInterview.TestCases" name="testcase1" time="0.007">
    <skipped/>
  </testcase> <!-- testcase1 -->
  <testcase classname="seleniumInterview.TestCases" name="testcase1" time="0.003">
    <failure type="java.lang.AssertionError" message="expected [false] but found [true]">
      <![CDATA[java.lang.AssertionError: expected [false] but found [true]
at seleniumInterview.TestCases.testcase1(TestCases.java:10)
at java.base/java.util.ArrayList.forEach(ArrayList.java:1511)
... Removed 33 stack frames]]>
    </failure>
  </testcase> <!-- testcase1 -->
  <testcase classname="seleniumInterview.TestCases" name="testcase2" time="0.009">
    <skipped/>
  </testcase> <!-- testcase2 -->
  <testcase classname="seleniumInterview.TestCases" name="testcase2" time="0.003">
    <skipped/>
  </testcase> <!-- testcase2 -->
  <testcase classname="seleniumInterview.TestCases" name="testcase2" time="0.008">
    <skipped/>
  </testcase> <!-- testcase2 -->
  <testcase classname="seleniumInterview.TestCases" name="testcase2" time="0.003">
    <failure type="java.lang.AssertionError" message="expected [false] but found [true]">
      <![CDATA[java.lang.AssertionError: expected [false] but found [true]
at seleniumInterview.TestCases.testcase2(TestCases.java:14)
at java.base/java.util.ArrayList.forEach(ArrayList.java:1511)
... Removed 33 stack frames]]>
    </failure>
  </testcase> <!-- testcase2 -->
</testsuite> <!-- Test Cases -->
