<?xml version="1.0" encoding="UTF-8"?>
<testng-results ignored="0" total="1" passed="1" failed="0" skipped="0">
  <reporter-output>
  </reporter-output>
  <suite started-at="2023-01-23T20:31:57 IST" name="Default suite" finished-at="2023-01-23T20:31:57 IST" duration-ms="113">
    <groups>
    </groups>
    <test started-at="2023-01-23T20:31:57 IST" name="Default test" finished-at="2023-01-23T20:31:57 IST" duration-ms="113">
      <class name="seleniumInterview.AssertAndVerify">
        <test-method signature="verifyTest()[pri:0, instance:seleniumInterview.AssertAndVerify@1a04f701]" started-at="2023-01-23T20:31:57 IST" name="verifyTest" finished-at="2023-01-23T20:31:57 IST" duration-ms="26" status="PASS">
          <reporter-output>
          </reporter-output>
        </test-method> <!-- verifyTest -->
      </class> <!-- seleniumInterview.AssertAndVerify -->
    </test> <!-- Default test -->
  </suite> <!-- Default suite -->
</testng-results>
